C:\USERS\CAT\デスクトップ\ADG\DEBUG\ADG.EXE
C:\USERS\CAT\デスクトップ\ADG\DEBUG\ADG.EXE.EMBED.MANIFEST
C:\USERS\CAT\デスクトップ\ADG\DEBUG\ADG.EXE.EMBED.MANIFEST.RES
C:\USERS\CAT\デスクトップ\ADG\DEBUG\ADG.EXE.INTERMEDIATE.MANIFEST
C:\USERS\CAT\デスクトップ\ADG\DEBUG\ADG.ILK
C:\USERS\CAT\デスクトップ\ADG\DEBUG\ADG.PDB
C:\Users\cat\デスクトップ\ADG\Debug\ADG_manifest.rc
C:\USERS\CAT\デスクトップ\ADG\DEBUG\ALLEGRO_TEST.OBJ
C:\Users\cat\デスクトップ\ADG\Debug\cl.command.1.tlog
C:\Users\cat\デスクトップ\ADG\Debug\CL.read.1.tlog
C:\Users\cat\デスクトップ\ADG\Debug\CL.write.1.tlog
C:\USERS\CAT\デスクトップ\ADG\DEBUG\CODE.OBJ
C:\Users\cat\デスクトップ\ADG\Debug\link.2412.read.1.tlog
C:\Users\cat\デスクトップ\ADG\Debug\link.2412.write.1.tlog
C:\Users\cat\デスクトップ\ADG\Debug\link.2412-cvtres.read.1.tlog
C:\Users\cat\デスクトップ\ADG\Debug\link.2412-cvtres.write.1.tlog
C:\Users\cat\デスクトップ\ADG\Debug\link.4544.read.1.tlog
C:\Users\cat\デスクトップ\ADG\Debug\link.4544.write.1.tlog
C:\Users\cat\デスクトップ\ADG\Debug\link.4544-cvtres.read.1.tlog
C:\Users\cat\デスクトップ\ADG\Debug\link.4544-cvtres.write.1.tlog
C:\Users\cat\デスクトップ\ADG\Debug\link.4900.read.1.tlog
C:\Users\cat\デスクトップ\ADG\Debug\link.4900.write.1.tlog
C:\Users\cat\デスクトップ\ADG\Debug\link.4900-cvtres.read.1.tlog
C:\Users\cat\デスクトップ\ADG\Debug\link.4900-cvtres.write.1.tlog
C:\Users\cat\デスクトップ\ADG\Debug\link.5060.read.1.tlog
C:\Users\cat\デスクトップ\ADG\Debug\link.5060.write.1.tlog
C:\Users\cat\デスクトップ\ADG\Debug\link.5060-cvtres.read.1.tlog
C:\Users\cat\デスクトップ\ADG\Debug\link.5060-cvtres.write.1.tlog
C:\Users\cat\デスクトップ\ADG\Debug\link.5524.read.1.tlog
C:\Users\cat\デスクトップ\ADG\Debug\link.5524.write.1.tlog
C:\Users\cat\デスクトップ\ADG\Debug\link.5524-cvtres.read.1.tlog
C:\Users\cat\デスクトップ\ADG\Debug\link.5524-cvtres.write.1.tlog
C:\Users\cat\デスクトップ\ADG\Debug\link.command.1.tlog
C:\Users\cat\デスクトップ\ADG\Debug\link.read.1.tlog
C:\Users\cat\デスクトップ\ADG\Debug\link.write.1.tlog
C:\Users\cat\デスクトップ\ADG\Debug\link-cvtres.read.1.tlog
C:\Users\cat\デスクトップ\ADG\Debug\link-cvtres.write.1.tlog
C:\USERS\CAT\デスクトップ\ADG\DEBUG\MAIN.OBJ
C:\Users\cat\デスクトップ\ADG\Debug\mt.command.1.tlog
C:\Users\cat\デスクトップ\ADG\Debug\mt.read.1.tlog
C:\Users\cat\デスクトップ\ADG\Debug\mt.write.1.tlog
C:\Users\cat\デスクトップ\ADG\Debug\rc.command.1.tlog
C:\Users\cat\デスクトップ\ADG\Debug\rc.read.1.tlog
C:\Users\cat\デスクトップ\ADG\Debug\rc.write.1.tlog
C:\USERS\CAT\デスクトップ\ADG\DEBUG\TEXT.OBJ
C:\Users\cat\デスクトップ\ADG\Debug\vc100.idb
C:\USERS\CAT\デスクトップ\ADG\DEBUG\VC100.PDB
